<?xml version="1.0" encoding="UTF-8"?>
<testsuite name="utils.TreeUtilsTest" tests="2" skipped="0" failures="0" errors="0" timestamp="2022-08-28T16:18:55" hostname="Users-MBP" time="0.002">
  <properties/>
  <testcase name="givenUnbalancedTrees_whenCallingIsBalanced_ShouldReturnFalse()" classname="utils.TreeUtilsTest" time="0.001"/>
  <testcase name="givenBalancedTrees_whenCallingIsBalanced_ShouldReturnTrue()" classname="utils.TreeUtilsTest" time="0.001"/>
  <system-out><![CDATA[]]></system-out>
  <system-err><![CDATA[]]></system-err>
</testsuite>
