<?xml version="1.0" encoding="UTF-8"?>
<testsuite name="search.BinarySearchTest" tests="1" skipped="0" failures="0" errors="0" timestamp="2022-08-28T16:18:55" hostname="Users-MBP" time="0.001">
  <properties/>
  <testcase name="testSearch()" classname="search.BinarySearchTest" time="0.001"/>
  <system-out><![CDATA[]]></system-out>
  <system-err><![CDATA[]]></system-err>
</testsuite>
