<?xml version="1.0" encoding="UTF-8"?>
<testsuite name="operations.BinaryTreeOperationsTest" tests="3" skipped="0" failures="0" errors="0" timestamp="2022-08-28T16:18:55" hostname="Users-MBP" time="0.018">
  <properties/>
  <testcase name="testInsertBalancedTree()" classname="operations.BinaryTreeOperationsTest" time="0.015"/>
  <testcase name="testInsertLowercaseChar()" classname="operations.BinaryTreeOperationsTest" time="0.001"/>
  <testcase name="testInsertUppercaseChar()" classname="operations.BinaryTreeOperationsTest" time="0.001"/>
  <system-out><![CDATA[]]></system-out>
  <system-err><![CDATA[]]></system-err>
</testsuite>
